<?xml version="1.0" encoding="UTF-8"?>
<!-- Generated by org.testng.reporters.JUnitReportReporter -->
<testsuite skipped="3" hostname="IBM-9DQ8QM3" name="ibm.restassured.restassure" tests="10" failures="0" timestamp="04 Jul 2022 18:18:28 GMT" time="5.418" errors="0">
  <testcase name="testcase9" time="0.029" classname="ibm.restassured.restassure"/>
  <testcase name="testcase1" time="1.398" classname="ibm.restassured.restassure"/>
  <testcase name="testcase6" time="0.046" classname="ibm.restassured.restassure"/>
  <testcase name="testcase9" time="0.057" classname="ibm.restassured.restassure"/>
  <testcase name="testcase5" time="0.186" classname="ibm.restassured.restassure"/>
  <testcase name="testcase8" time="3.661" classname="ibm.restassured.restassure"/>
  <testcase name="testcase7" time="0.041" classname="ibm.restassured.restassure"/>
  <testcase name="testcase3" classname="ibm.restassured.restassure">
    <skipped/>
  </testcase> <!-- testcase3 -->
  <testcase name="testcase2" classname="ibm.restassured.restassure">
    <skipped/>
  </testcase> <!-- testcase2 -->
  <testcase name="testcase4" classname="ibm.restassured.restassure">
    <skipped/>
  </testcase> <!-- testcase4 -->
</testsuite> <!-- ibm.restassured.restassure -->
